
====================当日新高=============================
法拉电子 600563
三超新材 300554
迪贝电气 603320
杰恩设计 300668
睿能科技 603933
建科院 300675
中广天择 603721
爱乐达 300696
昭衍新药 603127
川恒股份 002895
中大力德 002896
万马科技 300698
光威复材 300699
祥和实业 603500
建研院 603183
天安新材 603725
众源新材 603527
意华股份 002897
电工合金 300697
兆丰股份 300695
金域医学 603882
银都股份 603277
岱勒新材 300700
赛隆药业 002898
广东骏亚 603386
畅联股份 603648
森霸股份 300701
华通热力 002893
梅轮电梯 603321
英派斯 002899

====================近3天创新高==========================
畅联股份
梅轮电梯
森霸股份
英派斯
华通热力

====================机构调研次数排行======================
杭州海康威视数字技术股份有限公司 80132852 2017-07-24 业绩说明会 489
杭州海康威视数字技术股份有限公司 80132852 2017-04-14 业绩说明会 329
歌尔声学股份有限公司 80115431 2017-08-18 电话会议 281
 80003301 2016-09-01 现场参观,分析师会议,业绩说明会 279
深圳市信维通信股份有限公司 80154015 2016-09-18 电话会议 250
北京碧水源科技股份有限公司 80125436 2017-01-24 其他 238
江西博雅生物制药股份有限公司 80057308 2016-01-20 电话会议 235
利亚德光电股份有限公司 80193000 2017-03-30 业绩说明会 211
深圳市汇川技术股份有限公司 80144658 2016-08-09 特定对象调研 204
深圳市汇川技术股份有限公司 80144658 2016-10-27 特定对象调研 193
深圳市汇川技术股份有限公司 80144658 2017-04-11 特定对象调研 183
安徽科大讯飞信息科技股份有限公司 80027093 2017-08-10 现场交流,网络直播 170
北京掌趣科技股份有限公司 80195380 2013-04-23 实地调研 161
 80003301 2016-10-31 现场参观,分析师会议,业绩说明会 158
石家庄以岭药业股份有限公司 80176889 2016-11-08 路演活动 158
 80003301 2016-12-06 分析师会议,现场参观 157
上海科华生物工程股份有限公司 10001408 2016-08-26 电话会议 154
四川天齐锂业股份有限公司 80143501 2017-07-18 特定对象调研,现场参观 149
云南鸿翔一心堂药业（集团）股份有限公司 80198539 2015-11-11 分析师会议,业绩说明会 149
杭州宋城旅游发展股份有限公司 80156739 2016-08-24 其他 148
大连智云自动化装备股份有限公司 80144344 2015-09-07 特定对象调研,电话会议 147
 80003301 2016-04-11 分析师会议,业绩说明会,现场参观 146
珠海格力电器股份有限公司 10000974 2016-08-24 投资者交流会 146
杭州海康威视数字技术股份有限公司 80132852 2017-05-04 其他,投资者接待日 146
珠海格力电器股份有限公司 10000974 2016-01-05 特定对象调研,策略会 145
珠海格力电器股份有限公司 10000974 2016-01-05 实地调研,策略会 145
杭州宋城旅游发展股份有限公司 80156739 2017-02-28 机构投资者交流会 144
酒鬼酒股份有限公司 10001095 2012-03-20 实地调研 142
歌尔声学股份有限公司 80115431 2016-08-18 电话会议 141
杭州海康威视数字技术股份有限公司 80132852 2016-10-14 业绩说明会 138
环旭电子股份有限公司 80193852 2017-07-28 电话会议 138
杭州海康威视数字技术股份有限公司 80132852 2016-07-27 业绩说明会 135
北京中科金财科技股份有限公司 80189543 2015-01-15 实地调研 134
杭州宋城旅游发展股份有限公司 80156739 2014-07-29 实地调研 130
华数传媒控股股份有限公司 10000666 2014-04-09 其他(分析师电话会议) 129
华数传媒控股股份有限公司 10000666 2014-04-09 电话沟通 128
华数传媒控股股份有限公司 10000666 2014-04-09 实地调研 128
 80190510 2016-08-24 新闻发布会 128
北京探路者户外用品股份有限公司 80133692 2016-04-12 新闻发布会 127
云南鸿翔一心堂药业（集团）股份有限公司 80198539 2015-05-20 特定对象调研,电话会议 124
青岛海立美达股份有限公司 80164925 2016-03-22 其他 123
成都康弘药业集团股份有限公司 80198753 2015-07-17 上市公司投资者交流会 122
 80003301 2016-06-13 现场参观,分析师会议 120
北京三聚环保新材料股份有限公司 80127750 2016-08-12 路演活动 120
杭州宋城旅游发展股份有限公司 80156739 2016-04-08 特定对象调研 120
天津九安医疗电子股份有限公司 80142845 2014-09-19 电话沟通 119
天津九安医疗电子股份有限公司 80142845 2014-09-19 电话会议 119
云南鸿翔一心堂药业（集团）股份有限公司 80198539 2017-01-04 特定对象调研,其他 119
利亚德光电股份有限公司 80193000 2016-11-17 特定对象调研 118
 80003301 2017-01-04 现场参观,分析师会议,路演活动 117
上海东富龙科技股份有限公司 80132223 2013-05-16 实地调研 117
上海巴安水务股份有限公司 80182870 2015-04-22 巴安水务贵州水务PPP项目进展电话会议纪要 115
安徽科大讯飞信息科技股份有限公司 80027093 2017-03-22 业绩说明会,现场参观 114
汉鼎信息科技股份有限公司 80194238 2015-10-29 特定对象调研 114
北京四维图新科技股份有限公司 80076871 2016-05-17 实地调研 113
北京四维图新科技股份有限公司 80076871 2016-05-17 其他 113
深圳市汇川技术股份有限公司 80144658 2013-08-02 电话沟通 113
浙江华策影视股份有限公司 80149683 2017-07-07 其他 (电话会议) 113
长春高新技术产业（集团）股份有限公司 10000983 2017-02-28 电话会议 112
上海科华生物工程股份有限公司 10001408 2014-01-26 投资者电话会议 112
山西百圆裤业连锁经营股份有限公司 80186825 2017-05-05 特定对象调研 112
深圳市汇川技术股份有限公司 80144658 2015-10-27 特定对象调研 112
万科企业股份有限公司 10000591 2014-01-01  111
深圳市汇川技术股份有限公司 80144658 2017-05-11 特定对象调研,其他 111
 80003301 2015-10-29 分析师会议,业绩说明会,现场参观 110
广联达软件股份有限公司 80140488 2014-04-09 业绩说明会 110
北京碧水源科技股份有限公司 80125436 2017-04-11 现场调研，电话会议 110
保龄宝生物股份有限公司 80124977 2016-03-11 路演活动 109
广联达软件股份有限公司 80140488 2015-04-28 电话沟通 109
广联达软件股份有限公司 80140488 2015-04-28 特定对象调研 108
华东医药股份有限公司 10001215 2017-04-25 特定对象调研,电话会议 107
安徽科大讯飞信息科技股份有限公司 80027093 2017-06-19 其他 107
华斯农业开发股份有限公司 80153342 2016-11-01 其他 107
 80198747 2016-11-14 新闻发布会 107
 80200066 2016-07-06 新闻发布会 107
云南白药集团股份有限公司 10000880 2014-08-21 业绩说明会 106
保龄宝生物股份有限公司 80124977 2016-03-11 其他 106
北京梅泰诺通信技术股份有限公司 80127289 2016-08-16 路演活动 106
北京碧水源科技股份有限公司 80125436 2017-08-08 其他 106
福建纳川管材科技股份有限公司 80167840 2016-02-23 特定对象调研 106
深圳市实益达科技股份有限公司 80095868 2016-01-19 电话会议 104
广联达软件股份有限公司 80140488 2017-05-10 特定对象调研 104
华东医药股份有限公司 10001215 2017-03-09 电话会议 103
歌尔声学股份有限公司 80115431 2017-08-22 特定对象调研,现场参观 103
东莞市搜于特服装股份有限公司 80156499 2016-09-28 特定对象调研 103
深圳市信维通信股份有限公司 80154015 2017-05-10 特定对象调研 103
上海科华生物工程股份有限公司 10001408 2015-10-30 其他 102
深圳市实益达科技股份有限公司 80095868 2016-01-19 电话沟通 102
云南鸿翔一心堂药业（集团）股份有限公司 80198539 2014-09-10 特定对象调研,电话会议 102
北京碧水源科技股份有限公司 80125436 2016-07-26 电话会议 100
杭州海康威视数字技术股份有限公司 80132852 2014-05-19 业绩说明会 99
深圳市汇川技术股份有限公司 80144658 2014-10-24 特定对象调研 99
杭州海康威视数字技术股份有限公司 80132852 2017-02-13 特定对象调研 98
杭州宋城旅游发展股份有限公司 80156739 2014-02-26 特定对象调研 98
 80003301 2017-05-04 分析师会议 97
上海科华生物工程股份有限公司 10001408 2015-09-02 电话会议 97
深圳市实益达科技股份有限公司 80095868 2016-06-16 特定对象调研 97
乐普(北京)医疗器械股份有限公司 80133695 2017-04-06 路演活动 97
深圳市新国都技术股份有限公司 80153032 2016-05-05 业绩说明会 97
广州药业股份有限公司 10000271 2014-10-30 三季度业绩电话会议 97

====================利好公司推荐=========================
600754.SH 锦江股份 2017-09-15T07:12:27 华泰证券 强大品牌支撑，融合提升效率 增持
300471.SZ 厚普股份 2017-09-15T07:14:42 国海证券 深度报告：赛道好+质地优，戴维斯双击开启新篇章 买入
300098.SZ 高新兴 2017-09-15T07:59:16 华泰证券 物联网+AI+云计算三轮驱动 增持
300527.SZ 华舟应急 2017-09-15T08:58:26 中泰证券 应急先锋业绩稳定增长，关注海外布局与集团资本运作 买入
603228.SH 景旺电子 2017-09-15T08:59:32 西南证券 谋行业纵横之发展，乘产业转移之东风 买入
300055.SZ 万邦达 2017-09-15T08:59:58 西南证券 业绩拐点初现，新业务板块逐步成型 增持
600406.SH 国电南瑞 2017-09-15T09:00:41 国金证券 从市场关心的八大热点问题再谈公司近期变化 买入
600138.SH 中青旅 2017-09-15T09:31:11 东方财富证券 动态点评：首家新零售门店落户盒马鲜生，期待客流量新突破 增持
000039.SZ 中集集团 2017-09-15T09:38:04 东吴证券 出售中集电商股权，与顺丰签署战略合作，快递物流业务开花结果 买入
600438.SH 通威股份 2017-09-15T09:38:48 中银国际 经营持续向好，三季报业绩预告高增长 买入
603458.SH 勘设股份 2017-09-15T09:40:48 中泰证券 西南工程技术服务龙头，上市迎加速发展 买入
600055.SH 万东医疗 2017-09-15T09:42:25 国金证券 影像产品渐成梯队，远程阅片发展迅速 增持
601111.SH 中国国航 2017-09-15T09:44:29 华泰证券 需求不及预期，下调至增持 增持
300203.SZ 聚光科技 2017-09-15T09:49:18 招商证券 PPP大单合同落地，水生态环境治理新业务迈进 买入
000546.SZ 金圆股份 2017-09-15T10:19:07 东北证券 收购上海华舆，环保布局正在进行时 买入
002768.SZ 国恩股份 2017-09-15T10:36:41 广发证券 产业链稳健拓展，新增产品多点布局 买入
600039.SH 四川路桥 2017-09-15T10:55:18 光大证券 斩获百亿超大合同，订单保障远高往年 买入
000915.SZ 山大华特 2017-09-15T11:03:41 安信证券 终端动销十分良好，品牌OTC享受“量价齐升”驱动业绩持续高增长 买入
002768.SZ 国恩股份 2017-09-15T11:19:17 申万宏源 改性塑料业务快速发展，人造草坪、复合材料有望打开成长新空间 增持
601117.SH 中国化学 2017-09-15T11:22:58 太平洋 业绩拐点趋势持续确立，维持买入评级 买入
601021.SH 春秋航空 2017-09-15T11:23:19 国金证券 业绩触底拐点已现，持续推荐春秋航空 买入
600777.SH 新潮能源 2017-09-15T11:28:09 联讯证券 下半年计划增产，融资布局油品贸易 增持
002891.SZ 中宠股份 2017-09-15T12:19:00 华泰证券 历久弥新，宠食巨头进阶成长 增持
600581.SH 八一钢铁 2017-09-15T12:26:20 中泰证券 产业链整合进一步推进 增持
300055.SZ 万邦达 2017-09-15T12:48:25 申万宏源 工业环保龙头技术储备丰富，业绩有望二次爆发 买入
603458.SH 勘设股份 2017-09-15T12:51:55 申万宏源 中西部设计咨询龙头，在“沃土”中加速成长 增持
600420.SH 现代制药 2017-09-15T12:54:45 国海证券 事件点评：阿奇霉素批文转移加速海门扭亏 买入
002624.SZ 完美世界 2017-09-15T13:05:23 西部证券 iOS应用商店取消畅销榜：完美世界六七月份游戏收入排名靠前，继续推荐 买入
002465.SZ 海格通信 2017-09-15T13:08:34 中银国际 民用业务快速增长，厉兵秣马静待军改落地 买入
000915.SZ 山大华特 2017-09-15T13:10:21 安信证券 终端动销十分良好，品牌OTC享受“量价齐升”驱动业绩持续高增 买入
603707.SH 健友股份 2017-09-15T13:10:49 莫尼塔投资 健友股份：乘风破浪会有时 原料制剂双丰收 
600754.SH 锦江股份 2017-09-15T13:11:41 财富证券 营收利润高增长，中端酒店布局完善 增持
300296.SZ 利亚德 2017-09-15T14:16:37 渤海证券 调研简报：业绩快速成长的低估值智能显示龙头 买入
603816.SH 顾家家居 2017-09-15T14:29:44 中银国际 股权激励激发管理团队积极性，事业部制有望续写成功 买入
002027.SZ 分众传媒 2017-09-15T14:43:13 德意志银行 Differentiated ad leader riding on new consumption growth 买入
002206.SZ 海利得 2017-09-15T15:33:31 国海证券 动态研究：涤纶长丝车用领域放量，公司发展进入快车道 买入
300445.SZ 康斯特 2017-09-15T16:08:14 长城国瑞证券 国内市场复苏，海外市场收入保持快速增长 增持
600188.SH 兖州煤业 2017-09-15T16:31:30 中银国际 收购完成，煤价走强 
600702.SH 沱牌舍得 2017-09-15T16:58:22 东方财富证券 动态点评：定增获批，助力酿酒技术升级改造 增持
002311.SZ 海大集团 2017-09-15T17:09:34 申万宏源 行业景气提升，公司持续高速增长，维持买入评级 买入
000063.SZ 中兴通讯 2017-09-15T18:31:39 中原证券 中报点评：业绩符合预期，积极参与5G标准制定 增持
000976.SZ 春晖股份 2017-09-15T18:52:06 太平洋 春晖股份：改名契合轨交主业，剥离化纤振翅高飞 买入
300422.SZ 博世科 2017-09-15T19:03:04 国开证券 调研简报：“水土共治”+核心技术支撑业绩高增长 
002343.SZ 慈文传媒 2017-09-14T08:31:34 国金证券 业内顶级剧王，视频付费浪潮的受益者 买入
603103.SH 横店影视 2017-09-14T08:33:03 东莞证券 新股网下申购询价建议报告（横店影视） 
002615.SZ 哈尔斯 2017-09-14T08:36:40 招商证券 实施多品牌多渠道战略提升国内市场市占率 买入
000651.SZ 格力电器 2017-09-14T08:40:31 招商证券 新冷年轻装上阵，盈利确定性标杆 买入
000039.SZ 中集集团 2017-09-14T09:18:36 广发证券 公告点评：透过合作协议，观察战略动向 买入
000581.SZ 威孚高科 2017-09-14T09:27:52 广发证券 目前估值偏低，存在未必合理 买入
002041.SZ 登海种业 2017-09-14T09:28:52 申万宏源 拐点将现，柳暗花明 增持
600309.SH 万华化学 2017-09-14T09:29:04 群益证券 公司陆续上调MDI价格，货源紧张致涨价态势持续 买入
600519.SH 贵州茅台 2017-09-14T09:37:36 安信证券 市场旧思维低估公司新成长 买入
002505.SZ 大康农业 2017-09-14T09:45:58 申万宏源 致力于打造全球现代农业食品的资源集成商和价值链增值服务商 中性
300471.SZ 厚普股份 2017-09-14T09:53:35 华金证券 受益于天然气产业加速发展，业绩增长在望 买入
600703.SH 三安光电 2017-09-14T09:54:01 申万宏源 深度报告：深耕LED芯片行业成绝对龙头，加码化合物半导体打开新篇章（LED深度报告之二） 买入
002326.SZ 永太科技 2017-09-14T10:02:23 东兴证券 财报点评：内生+外延持续发展 增持
300532.SZ 今天国际 2017-09-14T10:05:49 东吴证券 深度研究报告：智能物流领先企业，双向拓展打开成长空间 买入
002768.SZ 国恩股份 2017-09-14T10:28:27 安信证券 人造草坪前景广阔，成长有望加速 买入
300420.SZ 五洋科技 2017-09-14T10:32:48 国金证券 收购天辰智能获批，立体车库项目推进超预期 买入
600887.SH 伊利股份 2017-09-14T10:34:49 中泰证券 乳制品龙头筑高壁垒，强者恒强 买入
002044.SZ 美年健康 2017-09-14T10:36:17 国金证券 收购7家参股公司股权，新建门店成熟周期再次缩短 买入
000999.SZ 华润三九 2017-09-14T10:45:34 华泰证券 收圣海，谋新篇 增持
002179.SZ 中航光电 2017-09-14T11:05:13 德意志银行 Luoyang HQ visit reaffirms earnings uptrend; raising target price 买入
002251.SZ 步步高 2017-09-14T11:52:02 光大证券 员工持股计划出台，有利于调动员工积极性 增持
000733.SZ 振华科技 2017-09-14T11:57:14 联讯证券 军工电子增长稳健，新能源电池军用订单即将迎来契机 买入
601996.SH 丰林集团 2017-09-14T12:35:46 招商证券 定制家居高增长+环保从严促进公司市占率提升 增持
300355.SZ 蒙草生态 2017-09-14T13:05:22 安信证券 再中标大型PPP项目，生态修复龙头地位凸显 买入
002355.SZ 兴民智通 2017-09-14T13:34:59 国海证券 动态研究：新能源车联网平台龙头起航 增持
300350.SZ 华鹏飞 2017-09-14T13:39:24 联讯证券 【联讯交运公司点评】华鹏飞：测绘并表贡献业绩增量，外延式发展打造大物流生态圈 增持
600352.SH 浙江龙盛 2017-09-14T13:42:32 西南证券 从三大逻辑看好公司未来发展 买入
600309.SH 万华化学 2017-09-14T14:12:42 元大证券(香港) 全球MDI龙头，供需改善支撑价格维持高位 增持
600777.SH 新潮能源 2017-09-14T14:25:14 招商证券 百亿级别大手笔融资再添发展后劲 买入
000887.SZ 中鼎股份 2017-09-14T14:55:21 招商证券 布局电动智能，再造一个中鼎 买入
603688.SH 石英股份 2017-09-14T15:00:27 安信证券 小荷才露尖尖角，三大拐点尤可期 买入
002268.SZ 卫士通 2017-09-14T15:20:13 东吴证券 密码业务老牌龙头，铸造全面 买入
300248.SZ 新开普 2017-09-14T17:47:59 中原证券 中报点评：业绩符合预期，校园领域业务快速增长 
600039.SH 四川路桥 2017-09-14T17:49:47 中泰证券 非公开发行顺利完成，盈利增长有望加快 买入
002352.SZ 顺丰控股 2017-09-14T17:49:57 国金证券 以快递为本，逐综合物流之鹿 买入
000999.SZ 华润三九 2017-09-14T17:51:49 招商证券 收购山东圣海增厚利润 补强保健品品种和品牌 增持
002109.SZ 兴化股份 2017-09-14T17:52:14 招商证券 未来3年车用燃料乙醇需求有望大幅增长，看好公司长期成长空间 买入
603533.SH 掌阅科技 2017-09-14T19:20:20 东吴证券 移动端数字阅读先行者，“内容”+“渠道”布局全产业链 
603978.SH 深圳新星 2017-09-13T08:23:38 东兴证券 深度报告：全球最大的铝晶粒细化剂龙头企业 买入
603579.SH 荣泰健康 2017-09-13T08:34:00 西南证券 内外兼修+“共享”发力，增长大势确定 增持
603228.SH 景旺电子 2017-09-13T08:37:31 渤海证券 深度报告：运营管理优秀，受益于PCB行业集中度提升 增持
600004.SH 白云机场 2017-09-13T08:46:24 摩根士丹利 1st Take: Aug-17 Traffic: Pax Traffic Growth Improved to 9.8% YoY 中性
300038.SZ 梅泰诺 2017-09-13T08:46:38 川财证券 借“大数据与人工智能”赛道腾飞 
601021.SH 春秋航空 2017-09-13T08:49:12 摩根士丹利 2H17 Outlook Remains Stable -NDR Takeaway 增持
000089.SZ 深圳机场 2017-09-13T08:50:49 摩根士丹利 1st Take: Aug-17 Traffic: Pax Growth Accelerated to 8.8% YoY 增持
600596.SH 新安股份 2017-09-13T08:52:24 招商证券 预计有机硅、草甘膦涨价有望持续，有机硅龙头大幅受益 买入
603816.SH 顾家家居 2017-09-13T09:09:52 东北证券 股权激励彰显信心，短期汇兑损失不改长期高成长 买入
002709.SZ 天赐材料 2017-09-13T09:33:59 中泰证券 坚定看好公司长期发展大空间 买入
300409.SZ 道氏技术 2017-09-13T09:34:45 中泰证券 锂电材料持续落子，受益新能源行业崛起 买入
002573.SZ 清新环境 2017-09-13T09:36:20 国金证券 立足超净核心技术，布局非电静待花开 买入
600491.SH 龙元建设 2017-09-13T09:36:28 中泰证券 联合斩获百亿PPP大单，龙头订单业绩趋势强劲 买入
600893.SH 航发动力 2017-09-13T09:38:11 东兴证券 深度报告：势已形成 化茧成蝶 买入
600138.SH 中青旅 2017-09-13T09:40:02 东兴证券 事件点评：产业基金首轮7亿募集完成，外延预期下继续看好周边游龙头 买入
603922.SH 金鸿顺 2017-09-13T09:47:04 上海证券 汽车冲压零部件专业生产商 
300398.SZ 飞凯材料 2017-09-13T09:47:17 申万宏源 和成显示交割完成，内生+外延打造半导体、显示材料双龙头 增持
601058.SH 赛轮金宇 2017-09-13T09:51:55 申万宏源 定增获证监会批复，越南工厂进展顺利，下半年业绩有望持续改善 增持
300088.SZ 长信科技 2017-09-13T09:58:15 华泰证券 全面屏、新能源汽车助力二次腾飞 买入

=====================股东增持===========================
002086,东方海洋,11.06,-0.18,云南国际信托有限公司-聚宝45号单一资金信托,增持,56.6702,0.12,二级市场,3429.9946,4.99,,,2017-07-27,2017-09-15,2017-09-16,0.0824
002138,顺络电子,21.31,0.57,西藏信托-莱沃35号集合资金信托计划,增持,500.1452,0.75,二级市场,1722.6881,2.11,,,2017-06-17,2017-09-15,2017-09-16,0.6126
002166,莱茵生物,11.76,-1.75,西藏信托-莱茵2号集合资金信托计划,增持,965.7516,2.77,二级市场,965.7516,2.21,965.7516,2.77,1899-12-30,2017-09-15,2017-09-16,2.21
002556,辉隆股份,8.40,2.44,安徽辉隆投资有限公司,增持,300.66,0.43,二级市场,28543.504,39.78,28543.504,40.75,2017-09-15,2017-09-15,2017-09-16,0.419
002717,岭南园林,29.46,1.76,中航信托·天启【2017】218号岭南园林员工持股集合资金信托计划,增持,74,0.35,二级市场,551.95,1.33,,,2017-09-15,2017-09-15,2017-09-16,0.1783
600035,楚天高速,5.86,1.56,张旭辉,增持,156.6133,0.11,二级市场,1601.2818,0.93,227.9633,0.16,2017-09-08,2017-09-15,2017-09-16,0.091
600400,红豆股份,6.94,0.87,红豆集团有限公司,增持,1179.2791,0.81,二级市场,105487.5892,58.3,73975.2961,51.02,2017-09-08,2017-09-15,2017-09-16,0.6518
600749,西藏旅游,23.46,-2.17,西藏纳铭网络技术有限公司,增持,72.83,0.39,二级市场,1018.5227,5.39,1018.5227,5.39,2017-09-14,2017-09-15,2017-09-16,0.3854
601500,通用股份,13.11,-1.35,西藏信托-莱沃39号集合资金信托计划,增持,465.42,2.66,二级市场,465.42,0.64,,,1899-12-30,2017-09-15,2017-09-16,0.64
002556,辉隆股份,8.40,2.44,安徽辉隆投资有限公司,增持,560.38,0.8,二级市场,28242.844,39.36,28242.844,40.32,2017-09-14,2017-09-14,2017-09-16,0.781
600590,泰豪科技,14.17,2.83,同方股份有限公司,增持,10,0.02,二级市场,11251.8813,16.87,11251.8813,21.46,2017-09-14,2017-09-14,2017-09-16,0.015
002131,利欧股份,3.08,-0.65,云霞78期集合资金信托计划,增持,5485.5388,1.71,二级市场,5485.5388,0.98,5485.5388,1.71,2017-09-14,2017-09-14,2017-09-15,0.98
300087,荃银高科,11.84,2.78,北京大北农科技集团股份有限公司,增持,164.5595,0.48,二级市场,3166.2078,7.5,3166.2078,9.16,2017-09-14,2017-09-14,2017-09-15,0.3898
600277,亿利洁能,6.86,0.00,亿利资源集团有限公司,增持,1642.0364,0.79,二级市场,134635.1467,49.16,128141.6403,61.32,2017-09-14,2017-09-14,2017-09-15,0.5996
600804,鹏博士,18.98,-2.82,长安信托-长安投资747号资产管理计划,增持,1066.2719,0.75,二级市场,1066.2719,0.74,1066.2719,0.75,2017-09-12,2017-09-14,2017-09-15,0.74
000420,吉林化纤,3.46,-1.70,吉林化纤集团有限责任公司,增持,149.4802,0.15,二级市场,29580.337,15.01,5161.4344,5.23,2017-09-13,2017-09-13,2017-09-15,0.0759
002717,岭南园林,29.46,1.76,中航信托·天启【2017】218号岭南园林员工持股集合资金信托计划,增持,477.95,2.29,二级市场,477.95,1.15,,,2017-09-13,2017-09-13,2017-09-15,1.15
300087,荃银高科,11.84,2.78,北京大北农科技集团股份有限公司,增持,164.2429,0.48,二级市场,3001.6483,7.11,3001.6483,8.69,2017-09-13,2017-09-13,2017-09-15,0.389
600539,狮头股份,17.78,-0.22,上海远涪企业管理有限公司,增持,1150,5,二级市场,2300,10,2300,10,2017-09-13,2017-09-13,2017-09-15,5
000812,陕西金叶,9.09,-0.87,集合资产管理计划,增持,447.3765,1,二级市场,894.76,2,894.76,2,2017-08-24,2017-09-13,2017-09-14,1
002398,建研集团,13.92,0.65,福建隆顺祥投资有限公司,增持,4.57,0.02,二级市场,1730.6042,5,1730.6042,6.76,2017-09-13,2017-09-13,2017-09-14,0.0132
300068,南都电源,19.24,-0.31,朱保义,增持,32,0.05,二级市场,8344.5321,9.57,53.5,0.09,2017-09-13,2017-09-13,2017-09-13,0.0367
600590,泰豪科技,14.17,2.83,同方股份有限公司,增持,185.9193,0.35,二级市场,11244.7613,16.86,11244.7613,21.44,2017-07-20,2017-09-13,2017-07-20,0.2788
300087,荃银高科,11.84,2.78,北京大北农科技集团股份有限公司,增持,154.6101,0.45,二级市场,2837.4054,6.72,2837.4054,8.21,2017-09-12,2017-09-12,2017-09-15,0.3662
600283,钱江水利,10.78,,钱江硅谷控股有限责任公司,增持,6,0.02,二级市场,1764.9868,5,1764.9868,5.25,2017-09-12,2017-09-12,2017-09-15,0.017
600116,三峡水利,10.32,-0.39,长电资本控股有限责任公司,增持,2183.479,2.46,二级市场,3096.3984,3.12,3096.3984,3.49,2016-09-13,2017-09-12,2017-09-14,2.2001
300189,神农基因,4.40,-1.79,曹欧劼,增持,290.7201,0.33,二级市场,6381.9213,6.23,6381.9213,7.24,2017-09-12,2017-09-12,2017-09-13,0.2838
600184,光电股份,20.92,0.00,中兵投资管理有限责任公司,增持,461.6378,1.1,二级市场,8206.6544,16.13,3706.6544,8.85,2017-09-01,2017-09-12,2017-09-13,0.9073
300113,顺网科技,18.97,-0.99,兴业信托·顺网科技1号员工持股集合资金信托计划,增持,1058.9562,2.29,二级市场,2756.5625,3.97,,,1899-12-30,2017-09-12,2017-09-12,1.5251
300087,荃银高科,11.84,2.78,北京大北农科技集团股份有限公司,增持,66.5345,0.19,二级市场,2682.7953,6.35,2682.7953,7.76,2017-09-11,2017-09-11,2017-09-15,0.1575
000960,锡业股份,14.45,-4.18,云南锡业集团(控股)有限责任公司,增持,0.65,0,二级市场,20323.1754,12.18,2531.9734,2.09,2017-09-11,2017-09-11,2017-09-13,0.0004
000932,*ST华菱,9.22,-4.95,湖南华菱钢铁集团有限责任公司,增持,997.5205,0.33,二级市场,181908.7738,60.32,181908.7738,60.33,2017-09-08,2017-09-11,2017-09-12,0.3308
002398,建研集团,13.92,0.65,福建隆顺祥投资有限公司,增持,1726.0342,6.74,二级市场,1726.0342,4.99,1726.0342,6.74,2017-09-08,2017-09-08,2017-09-14,4.99
600774,汉商集团,18.09,,卓尔控股有限公司,增持,15.68,0.09,二级市场,3491.5073,20,3491.5073,20.02,2017-09-08,2017-09-08,2017-09-13,0.0898
000612,焦作万方,10.71,-5.22,樟树市和泰安成投资管理中心(有限合伙),增持,39.32,0.04,二级市场,11921.9953,10,11921.9953,11.93,2017-09-08,2017-09-08,2017-09-09,0.033
000961,中南建设,6.95,1.31,中海信托-中南建设员工持股计划集合资金信托计划,增持,332.556,0.09,二级市场,12126.4545,3.27,,,2017-08-09,2017-09-08,2017-09-09,0.0897
002044,美年健康,16.95,0.65,厦门国际信托有限公司“天勤十七号” 单一资金信托计划,增持,103,0.1,二级市场,1365.1471,0.56,1365.1471,1.29,2017-09-08,2017-09-08,2017-09-09,0.0423
002240,威华股份,18.48,1.54,创金合信永泰3号资产管理计划,增持,34.1,0.07,二级市场,1745.571,3.56,1745.571,3.56,2017-09-08,2017-09-08,2017-09-09,0.0695
300087,荃银高科,11.84,2.78,北京大北农科技集团股份有限公司,增持,90,0.26,二级市场,2616.2608,6.19,2616.2608,7.57,2017-09-08,2017-09-08,2017-09-09,0.2129
600749,西藏旅游,23.46,-2.17,西藏纳铭网络技术有限公司,增持,0.19,0,二级市场,945.6927,5,945.6927,5,2017-09-08,2017-09-08,2017-09-09,0.001
600814,杭州解百,10.72,-2.72,杭州市商贸旅游集团有限公司,增持,165.14,0.53,二级市场,40629.5137,56.82,165.14,0.53,2017-09-08,2017-09-08,2017-09-09,0.2309
603258,电魂网络,39.60,-1.83,杭州电魂网络科技股份有限公司-第二期员工持股计划,增持,191.63,3.19,二级市场,191.63,0.8,,,1899-12-30,2017-09-08,2017-09-09,0.8
300630,普利制药,55.55,-5.12,海南普利制药股份有限公司第一期员工持股计划,增持,60.1972,1.97,二级市场,60.1972,0.49,,,1899-12-30,2017-09-08,2017-09-08,0.49
300189,神农基因,4.40,-1.79,曹欧劼,增持,970.39,1.1,二级市场,6091.2012,5.95,6091.2012,6.91,2017-09-07,2017-09-07,2017-09-13,0.9479
600774,汉商集团,18.09,,阎志,增持,0.05,0,二级市场,1745.7473,10,1745.7473,10.01,2017-09-07,2017-09-07,2017-09-13,0.0003
000612,焦作万方,10.71,-5.22,樟树市和泰安成投资管理中心(有限合伙),增持,815.6681,0.82,二级市场,11882.6753,9.97,11882.6753,11.89,2017-09-07,2017-09-07,2017-09-09,0.6844
002044,美年健康,16.95,0.65,厦门国际信托有限公司“天勤十七号” 单一资金信托计划,增持,5,0,二级市场,1262.1471,0.52,1262.1471,1.19,2017-09-07,2017-09-07,2017-09-09,0.0021
002092,中泰化学,16.10,-6.12,浙江富丽达股份有限公司,增持,7,0,二级市场,20091.7615,9.36,20091.7615,9.88,2017-09-07,2017-09-07,2017-09-09,0.0033
002240,威华股份,18.48,1.54,创金合信永泰3号资产管理计划,增持,119.6,0.24,二级市场,1711.471,3.49,1711.471,3.49,2017-09-07,2017-09-07,2017-09-09,0.2439
002411,必康股份,26.70,0.91,国通信托·恒升308号证券投资集合资金信托计划,增持,61.61,0.21,二级市场,671.2926,0.44,671.2926,2.34,2017-09-07,2017-09-07,2017-09-09,0.0404
300087,荃银高科,11.84,2.78,北京大北农科技集团股份有限公司,增持,91.75,0.27,二级市场,2526.2608,5.98,2526.2608,7.31,2017-09-07,2017-09-07,2017-09-09,0.2172
600749,西藏旅游,23.46,-2.17,西藏纳铭网络技术有限公司,增持,7.59,0.04,二级市场,945.5027,5,945.5027,5,2017-09-07,2017-09-07,2017-09-09,0.0401
000510,金路集团,10.07,-2.14,深圳首控国际商务咨询有限公司,增持,196.822,0.35,二级市场,6091.8239,10,6091.8239,10.81,2017-09-07,2017-09-07,2017-09-08,0.3231
600400,红豆股份,6.94,0.87,红豆集团有限公司,增持,662.401,0.46,二级市场,104306.31,57.64,72794.017,50.21,2017-09-06,2017-09-07,2017-09-08,0.366
600490,鹏欣资源,9.30,0.43,鹏欣环球资源股份有限公司第一期员工持股计划,增持,51.11,0.03,二级市场,51.11,0.03,,,1899-12-30,2017-09-07,2017-09-08,0.03
000932,*ST华菱,9.22,-4.95,湖南华菱钢铁集团有限责任公司,增持,255.4795,0.08,二级市场,,,,,2017-07-26,2017-09-07,2017-09-07,
002464,金利科技,35.37,-1.64,谷红亮,增持,668.21,2.87,二级市场,668.21,2.87,668.21,2.87,1899-12-30,2017-09-07,2017-09-07,2.87
300068,南都电源,19.24,-0.31,朱保义,增持,21.5,0.04,二级市场,8312.5321,9.53,21.5,0.04,2017-09-07,2017-09-07,2017-09-07,0.0246
000612,焦作万方,10.71,-5.22,樟树市和泰安成投资管理中心(有限合伙),增持,104.48,0.1,二级市场,11067.0072,9.28,11067.0072,11.08,2017-09-06,2017-09-06,2017-09-09,0.0876
002240,威华股份,18.48,1.54,创金合信永泰3号资产管理计划,增持,96.6501,0.2,二级市场,1591.871,3.24,1591.871,3.25,2017-09-06,2017-09-06,2017-09-09,0.1967
300087,荃银高科,11.84,2.78,北京大北农科技集团股份有限公司,增持,325.9684,0.94,二级市场,2434.5108,5.76,2434.5108,7.04,2017-09-06,2017-09-06,2017-09-09,0.7712
002411,必康股份,26.70,0.91,国通信托·恒升308号证券投资集合资金信托计划,增持,110.9021,0.39,二级市场,609.6826,0.4,609.6826,2.12,2017-09-06,2017-09-06,2017-09-08,0.0728
600539,狮头股份,17.78,-0.22,上海远涪企业管理有限公司,增持,37,0.16,二级市场,1150,5,1150,5,2017-09-06,2017-09-06,2017-09-08,0.1609
300142,沃森生物,15.49,0.72,云南省工业投资控股集团有限责任公司,增持,549.3,0.47,二级市场,16504.9416,10.74,16504.9416,14.08,2017-09-06,2017-09-06,2017-09-07,0.3574
300262,巴安水务,9.63,0.42,华宝信托-巴安水务员工持股一期集合资金信托计划,增持,0.01,0,二级市场,1281.3517,1.91,,,2017-09-01,2017-09-06,2017-09-07,0
600978,宜华生活,10.27,-1.34,宜华企业(集团)有限公司,增持,1665.3234,1.12,二级市场,43039.9298,29.02,43039.9298,29.02,2017-09-06,2017-09-06,2017-09-07,1.1229
000612,焦作万方,10.71,-5.22,樟树市和泰安成投资管理中心(有限合伙),增持,481.8182,0.48,二级市场,10962.5272,9.2,10962.5272,10.97,2017-09-05,2017-09-05,2017-09-09,0.4044
600400,红豆股份,6.94,0.87,红豆集团有限公司,增持,1147.066,0.79,二级市场,103643.909,57.28,72131.616,49.75,2017-09-04,2017-09-05,2017-09-06,0.6339
600686,金龙汽车,14.78,-1.14,福建省汽车工业集团有限公司,增持,223.9326,0.51,二级市场,18198.8601,29.99,15673.6074,35.41,2017-07-08,2017-09-05,2017-09-06,0.369
000612,焦作万方,10.71,-5.22,樟树市和泰安成投资管理中心(有限合伙),增持,19.41,0.02,二级市场,10480.709,8.79,10480.709,10.49,2017-09-04,2017-09-04,2017-09-09,0.0163
002240,威华股份,18.48,1.54,创金合信永泰3号资产管理计划,增持,64.55,0.13,二级市场,1495.2209,3.05,1495.2209,3.05,2017-09-04,2017-09-04,2017-09-09,0.1317
600643,爱建集团,14.03,0.21,上海均瑶(集团)有限公司,增持,3179.3853,2.22,二级市场,13361.2951,9.3,13361.2951,9.32,2017-08-04,2017-09-04,2017-09-07,2.213
002381,双箭股份,9.80,2.83,浙江双箭橡胶股份有限公司第一期员工持股计划,增持,100,0.48,二级市场,100,0.23,,,2017-09-04,2017-09-04,2017-09-05,0.23
600764,中电广通,38.49,0.03,鹏起万里产融(嘉兴)投资合伙企业(有限合伙),增持,14.9939,0.05,二级市场,1648.8828,5,1648.8828,5,2017-09-01,2017-09-04,2017-09-05,0.0455
600978,宜华生活,10.27,-1.34,宜华企业(集团)有限公司,增持,1760.1165,1.19,二级市场,41374.6064,27.9,41374.6064,27.9,2017-09-04,2017-09-04,2017-09-05,1.1869
002240,威华股份,18.48,1.54,创金合信永泰3号资产管理计划,增持,10,0.02,二级市场,1430.6709,2.92,1430.6709,2.92,2017-09-01,2017-09-01,2017-09-09,0.0204
603377,东方时尚,32.95,0.61,东方时尚投资有限公司,增持,841.5166,7.15,二级市场,25573.025,60.89,1268.65,10.77,2017-07-13,2017-09-01,2017-09-06,2.0037
002557,洽洽食品,14.24,-0.56,重庆信托-洽洽食品2015年第一期员工持股计划集合资金信托计划,增持,1011.8755,2,二级市场,1011.8755,2,,,2017-09-01,2017-09-01,2017-09-05,2
600338,西藏珠峰,48.43,-4.83,上海歌金企业管理有限公司,增持,10.85,0.07,二级市场,861.5887,1.32,861.5887,5.44,2017-09-01,2017-09-01,2017-09-05,0.0166
600400,红豆股份,6.94,0.87,红豆集团有限公司,增持,1750.0873,1.21,二级市场,102496.843,56.64,70984.55,48.96,2017-08-30,2017-09-01,2017-09-04,0.9671
000420,吉林化纤,3.46,-1.70,吉林化纤集团有限责任公司,增持,300,0.3,二级市场,29430.8568,14.93,5011.9542,5.08,2017-09-01,2017-09-01,2017-09-02,0.1522
600070,浙江富润,10.83,-0.82,富润控股集团有限公司,增持,50.084,0.14,二级市场,10092.0908,19.34,10092.0908,28.3,2017-09-01,2017-09-01,2017-09-02,0.096
600376,首开股份,11.25,0.99,北京首都开发控股(集团)有限公司,增持,100.2571,0.04,二级市场,118681.1899,46.01,115305.6625,45.29,2017-08-31,2017-09-01,2017-09-02,0.0389
300115,长盈精密,35.18,-0.68,深圳市长盈精密技术股份有限公司第二期员工持股计划,增持,93.98,0.1,二级市场,1858.4782,2.05,,,2017-08-01,2017-08-31,2017-09-05,0.1037
600764,中电广通,38.49,0.03,鹏起万里产融(嘉兴)投资合伙企业(有限合伙),增持,1361.2289,4.13,二级市场,1633.8889,4.96,1633.8889,4.96,2017-08-01,2017-08-31,2017-09-05,4.1323
002411,必康股份,26.70,0.91,国通信托·恒升308号证券投资集合资金信托计划,增持,65.45,0.23,二级市场,498.7805,0.33,498.7805,1.74,2017-08-31,2017-08-31,2017-09-02,0.0433
601996,丰林集团,5.09,0.00,刘一暐,增持,2,0,二级市场,2,0,2,0,2017-08-31,2017-08-31,2017-09-02,0
300189,神农基因,4.40,-1.79,曹欧劼,增持,52,0.06,二级市场,5120.8112,5,5120.8112,5.81,2017-08-31,2017-08-31,2017-09-01,0.0508
600184,光电股份,20.92,0.00,中兵投资管理有限责任公司,增持,567.3218,1.35,二级市场,7745.0166,15.22,3245.0166,7.75,2017-08-10,2017-08-31,2017-09-01,1.1149
300287,飞利信,9.42,-0.84,华润信托·飞利信员工持股1期集合资金信托计划,增持,1019.8671,0.98,二级市场,2009.9876,1.4,,,2017-07-22,2017-08-31,2017-08-31,0.7104
300511,雪榕生物,27.01,-0.11,西藏信托-莱沃20号集合资金信托计划,增持,64.515,0.68,二级市场,403.6805,1.77,403.6805,4.23,2017-08-31,2017-08-31,2017-08-31,0.2829
002240,威华股份,18.48,1.54,创金合信永泰3号资产管理计划,增持,9.96,0.02,二级市场,1420.6709,2.9,1420.6709,2.9,2017-08-30,2017-08-30,2017-09-09,0.0203
002411,必康股份,26.70,0.91,国通信托·恒升308号证券投资集合资金信托计划,增持,95.3305,0.33,二级市场,433.3305,0.28,433.3305,1.51,2017-08-30,2017-08-30,2017-09-01,0.0616
002443,金洲管道,9.07,-1.63,霍尔果斯万木隆股权投资有限公司,增持,37.85,0.08,二级市场,6313.0605,12.13,6313.0605,12.54,2017-08-30,2017-08-30,2017-08-31,0.0727
002730,电光科技,14.52,-1.22,胡靖,增持,116.5567,1.14,二级市场,116.5567,0.36,,,1899-12-30,2017-08-30,2017-08-31,0.36
002730,电光科技,14.52,-1.22,许飞,增持,20.74,0.2,二级市场,20.74,0.06,,,1899-12-30,2017-08-30,2017-08-31,0.06
002730,电光科技,14.52,-1.22,居国进,增持,11.03,0.11,二级市场,11.03,0.03,,,1899-12-30,2017-08-30,2017-08-31,0.03
002730,电光科技,14.52,-1.22,张南,增持,67.64,0.66,二级市场,67.64,0.21,,,1899-12-30,2017-08-30,2017-08-31,0.21
300012,华测检测,4.78,-0.21,兴全睿众华测检测特定客户资产管理计划,增持,1027,0.72,二级市场,1027,0.61,,,2017-06-19,2017-08-30,2017-08-31,0.61
300511,雪榕生物,27.01,-0.11,西藏信托-莱沃20号集合资金信托计划,增持,339.1655,3.56,二级市场,339.1655,1.48,339.1655,3.56,2017-08-22,2017-08-30,2017-08-31,1.48

====================行业涨幅分析报告=========================
有色金属 -2.37     无,2017/9/15 6:39:00,APPHkaMKcWQAIndustry,80000204,川财证券,,478,,,有色金属行业日报：安塔姆要求再增120万吨镍矿出口配额,有色金属,-2.37
环保工程 -0.04     无,2017/9/15 6:40:15,APPHkaMKcWQBIndustry,80000204,川财证券,,728,,,环保行业日报：陕西开展砖瓦行业环保执法检查,环保工程,-0.04
化工行业 -0.81     无,2017/9/15 6:41:30,APPHkaMKcWQCIndustry,80000204,川财证券,,538,,,石化行业日报：上周EIA汽油库存大降843万桶,化工行业,-0.81
交运物流 -0.14     无,2017/9/15 6:44:10,APPHkaMKcWQ9Industry,80000204,川财证券,,422,,,交通运输行业日报：国家物流平台推广两类数据服务,交运物流,-0.14
房地产 1.26     无,2017/9/15 6:45:19,APPHkaMKc4WlIndustry,80000204,川财证券,,451,,,房地产行业日报：西安本地户籍居民限购两套房,房地产,1.26
家电行业 0.33     无,2017/9/15 6:46:45,APPHkaMKc4WkIndustry,80000204,川财证券,,456,,,家电行业日报：OLED彩电加速抢占高端市场,家电行业,0.33
食品饮料 0.02     无,2017/9/15 6:47:54,APPHkaMKc4WnIndustry,80000204,川财证券,,438,,,食品饮料行业日报：四川出台政策推进白酒产业转型升级,食品饮料,0.02
钢铁行业 -3.86     无,2017/9/15 6:49:15,APPHkaMKc4WmIndustry,80000204,川财证券,,479,,,钢铁行业日报：8月粗钢产量7459万吨&sbquo;同比增长8.7%,钢铁行业,-3.86
医药制造 -0.47     无,2017/9/15 6:51:59,APPHkaMKc4WjIndustry,80000204,川财证券,,465,,,医药生物行业日报：9家医药品牌上榜亚洲品牌500强,医药制造,-0.47
公用事业 0.97     维持,2017/9/15 7:03:40,APPHkabJuY4RIndustry,80000073,华泰证券,5,427,增持,增持,公用事业行业深度研究：工业大气治理行业测算+参与者全梳理-环保春秋志系列之大气篇,公用事业,0.97
有色金属 -2.37     维持,2017/9/15 7:09:19,XBPHkabJyj6kIndustry,80000073,华泰证券,5,478,增持,增持,铝行业动态点评：原铝产量既降&sbquo;行情怎可忧止,有色金属,-2.37
环保工程 -0.04     维持,2017/9/15 7:17:09,APPHkabJyliKIndustry,10001075,广发证券,4,728,买入,买入,环保行业——清洁供热（三）：四部门推进北方冬季清洁取暖试点工作&sbquo;未来3年将投约697亿,环保工程,-0.04
房地产 1.26     维持,2017/9/15 8:49:07,APPHkabJzs1qIndustry,80000037,平安证券,4,451,持有,强于大市,地产行业动态跟踪报告：投资韧性十足&sbquo;房企补库存积极,房地产,1.26
汽车行业 -0.26     维持,2017/9/15 8:50:19,APPHkabJzs1tIndustry,80000180,渤海证券,2,481,持有,看好,新能源汽车行业周报：工信部表示已启动燃油车退出时间表研究,汽车行业,-0.26
输配电气 -0.47     维持,2017/9/15 8:50:45,APPHkabJzs1sIndustry,80000012,招商证券,5,457,持有,推荐,点评&quot;瓦克美国多晶硅生产基地因事故停产事件&quot;：瓦克因事故部分停产&sbquo;国内硅料产业受益,输配电气,-0.47
通讯行业 0.14     无,2017/9/15 8:50:52,APPHkabJzs1uIndustry,80000180,渤海证券,2,448,持有,看好,通信行业周报：物联网建设有望加快 关注产业链相关个股,通讯行业,0.14
家电行业 0.33     无,2017/9/15 8:59:12,APPHkabJztMDIndustry,80000204,川财证券,,456,,,家电行业中报点评：整体运行稳健 空调景气度最高,家电行业,0.33
电子信息 -0.64     维持,2017/9/15 9:28:50,APPHkabK1Kz9Industry,10000082,国金证券,5,447,增持,增持,计算机行业：无人零售：技术破局引领商业变革,电子信息,-0.64
医药制造 -0.47     维持,2017/9/15 9:33:09,APPHkabK1Kz8Industry,10000082,国金证券,5,465,增持,增持,国金医药政策周报（2017年第30期）,医药制造,-0.47
交运物流 -0.14     调高,2017/9/15 9:34:08,APPHkabK1Kz7Industry,10000082,国金证券,5,422,买入,买入,公路铁路2017年日常报告：铁路局或将完成更名&sbquo;铁改进入实质性阶段,交运物流,-0.14
输配电气 -0.47     维持,2017/9/15 9:47:27,APPHkabK1MLrIndustry,80000200,中银国际,4,457,增持,增持,电气设备行业：8月产销符合预期&sbquo;后续有望持续走强,输配电气,-0.47
钢铁行业 -3.86     维持,2017/9/15 9:47:50,APPHkabK1MLeIndustry,80000157,中泰证券,4,479,增持,增持,钢铁行业8月数据点评：生产旺盛应对采暖季限产,钢铁行业,-3.86
房地产 1.26     无,2017/9/15 9:48:20,APPHkabK1MLcIndustry,80000157,中泰证券,4,451,,,2017年1-8月房地产数据点评：销售小幅反弹&sbquo;投资有支撑,房地产,1.26
通讯行业 0.14     维持,2017/9/15 9:48:41,APPHkabK1KzAIndustry,10000082,国金证券,5,448,增持,增持,通信2017年日常报告：5G传输&sbquo;光通信先行,通讯行业,0.14
文化传媒 -0.01     无,2017/9/15 9:48:54,APPHkabK1MLfIndustry,80000200,中银国际,4,486,增持,增持,传媒互联网行业评论周报：关注自上而下行业驱动&sbquo;寻找低估值板块,文化传媒,-0.01
机械行业 -0.20     无,2017/9/15 9:49:29,APPHkabK1MLhIndustry,80000200,中银国际,4,545,增持,增持,机械行业周报：锂电设备、电子设备行业持续不断的超预期&sbquo;关注禁售燃油汽车时间表和iPhone8上市,机械行业,-0.20
文化传媒 -0.01     无,2017/9/15 9:50:09,APPHkabK1MLgIndustry,80000200,中银国际,4,486,增持,增持,传媒行业中报业绩汇总：行业发展趋于稳定&sbquo;关注个股估值及业绩表现,文化传媒,-0.01
造纸印刷 -0.67     无,2017/9/15 9:51:11,APPHkabK1MLsIndustry,80000200,中银国际,4,470,增持,增持,轻工行业周报:：纸价全面上涨&sbquo;趋势仍将持续,造纸印刷,-0.67
汽车行业 -0.26     无,2017/9/15 9:51:11,APPHkabK1MLiIndustry,80000200,中银国际,4,481,中性,中立,汽车行业月报：车市回暖&sbquo;新能源汽车产销持续走强,汽车行业,-0.26
煤炭采选 -4.06     无,2017/9/15 9:51:22,APPHkabK1MLnIndustry,80000200,中银国际,4,437,中性,中立,煤炭行业周报：淡季不淡&sbquo;供应持续收紧&sbquo;煤价有望继续超预期&sbquo;看好板块,煤炭采选,-4.06
输配电气 -0.47     无,2017/9/15 9:51:51,APPHkabK1MLqIndustry,80000200,中银国际,4,457,增持,增持,电力设备与新能源行业9月第2周周报：国内燃油车禁售时间表开始制定,输配电气,-0.47
电子元件 -0.15     无,2017/9/15 10:20:08,APPHkabK1tzPIndustry,80000200,中银国际,4,459,中性,中立,消费电子：表面处理行业：专业化分工是趋势&sbquo;非金属后盖渐成主流,电子元件,-0.15
化工行业 -0.81     无,2017/9/15 10:20:15,APPHkabK1tzNIndustry,80000200,中银国际,4,538,中性,中立,化工行业周报：继续关注丙烯酸、染料、纯碱等产品价格上涨,化工行业,-0.81
通讯行业 0.14     首次,2017/9/15 10:57:26,APPHkabK2I4HIndustry,80000074,光大证券,5,448,买入,买入,手机供应链：iPhoneX创新落地&sbquo;产业链升级再迎新机,通讯行业,0.14
汽车行业 -0.26     维持,2017/9/15 10:57:47,APPHkabK2I4JIndustry,80000028,国联证券,4,481,中性,中性,汽车行业17年中报分析：汽车产销增速回落&sbquo;重卡亮眼&sbquo;新能源汽车改善明显,汽车行业,-0.26
保险 0.18     维持,2017/9/15 10:57:47,APPHkabK2I4IIndustry,80000028,国联证券,4,474,中性,中性,保险行业2017中报分析：意料之外的价值增速&sbquo;意料之中的板块行情,保险,0.18
环保工程 -0.04     维持,2017/9/15 10:59:07,APPHkabK2I4KIndustry,80000028,国联证券,4,728,持有,优异,环保行业研究简报：环保高压推升的工业环保投资机遇渐行渐近,环保工程,-0.04
家电行业 0.33     维持,2017/9/15 11:03:59,APPHkabK2PxAIndustry,80084302,安信证券,4,456,增持,领先大市,【家电先生速递】201708房地产销售数据点评：测算三四线八月YoY+22%&sbquo;再显韧性,家电行业,0.33
医药制造 -0.47     维持,2017/9/15 11:13:03,APPHkabK2YD4Industry,80000126,东方财富证券,,465,增持,强于大势,医药生物行业动态点评：全国首个中药新药MAH获批&sbquo;推动MAH制度试点工作迈上新台阶,医药制造,-0.47
工程建设 0.50     无,2017/9/15 11:25:49,APPHkabK2fjCIndustry,10000082,国金证券,5,425,,,建筑央企降杠杆专题分析报告：央企降杠杆：建筑巨无霸的长期机会,工程建设,0.50
券商信托 0.47     无,2017/9/15 13:21:53,APPHkabK3Ms7Industry,80000075,申万宏源,4,473,中性,中性,券商研究系列之一：聚焦主动管理的券商资管业务,券商信托,0.47
机械行业 -0.20     无,2017/9/15 13:22:56,APPHkabK3SpWIndustry,80000200,中银国际,4,545,增持,增持,机械行业：关于机械行业公司中报的三个思考,机械行业,-0.20
钢铁行业 -3.86     维持,2017/9/15 13:23:16,APPHkabK3UcYIndustry,10001075,广发证券,4,479,买入,买入,粗钢产量数据点评：8月粗钢产量同比增8.7%至7459万吨&sbquo;创历史新高,钢铁行业,-3.86
食品饮料 0.02     无,2017/9/15 13:25:57,APPHkabK3aDUIndustry,80000200,中银国际,4,438,,,食品饮料基金中报总结：仓位延续升势&sbquo;仍有向上空间,食品饮料,0.02
电子元件 -0.15     维持,2017/9/15 13:26:17,APPHkabK3cGTIndustry,80000140,财富证券,2,459,增持,推荐,电子行业8月跟踪：中报高增速&sbquo;关注业绩白马和技术创新,电子元件,-0.15
房地产 1.26     无,2017/9/15 13:26:17,APPHkabK3eG5Industry,80000200,中银国际,4,451,中性,中立,房地产行业周刊：九月销售弱势开局&sbquo;深汕合作方案通过,房地产,1.26
食品饮料 0.02     无,2017/9/15 13:27:37,APPHkabK3f9FIndustry,80000200,中银国际,4,438,,,乳制品中报总结：需求超预期&sbquo;行业收入提速,食品饮料,0.02
机械行业 -0.20     无,2017/9/15 13:27:52,APPHkabK3f9DIndustry,80000200,中银国际,4,545,增持,增持,机械行业周报：制造业PMI指数持续高位&sbquo;关注电子设备、锂电设备等高景气度产业,机械行业,-0.20
食品饮料 0.02     无,2017/9/15 13:28:26,APPHkabK3f9EIndustry,80000200,中银国际,4,438,,,食品饮料行业：味品中报总结： 消费升级+餐饮复苏&sbquo;收入净利双增,食品饮料,0.02
煤炭采选 -4.06     无,2017/9/15 13:29:31,APPHkabK3mKeIndustry,80000200,中银国际,4,437,中性,中立,煤炭行业周报：供应侧收紧对煤炭市场的利好仍在持续发酵中&sbquo;动力煤淡季不淡&sbquo;焦煤持续上涨,煤炭采选,-4.06
食品饮料 0.02     无,2017/9/15 13:29:45,APPHkabK3f9GIndustry,80000200,中银国际,4,438,增持,增持,食品饮料行业：白酒中报超预期&sbquo;印证向好趋势&sbquo;继续坚守,食品饮料,0.02
医药制造 -0.47     无,2017/9/15 13:30:07,APPHkabK3kzFIndustry,80000180,渤海证券,2,465,中性,中性,中药行业周报：新医保执行+取消药品加成&sbquo;关注饮片相关受益标的,医药制造,-0.47
农牧饲渔 -0.02     无,2017/9/15 13:37:47,APPHkabK4E7ZIndustry,80000075,申万宏源,4,433,持有,看好,燃料乙醇行业系列报告之三：燃料乙醇行业迎重大突破&sbquo;利好中粮生化、登海种业、龙力生物,农牧饲渔,-0.02
水泥建材 -1.92     维持,2017/9/15 13:38:08,APPHkabK4E7bIndustry,80000074,光大证券,5,424,买入,买入,2017年1-8月建材行业需求端数据点评,水泥建材,-1.92
电子信息 -0.64     维持,2017/9/15 13:48:05,APPHkabK4KxgIndustry,10001005,东北证券,3,447,持有,优于大势,A.I芯片：下一代计算革命基石,电子信息,-0.64
汽车行业 -0.26     无,2017/9/15 13:48:45,APPHkabK4IDlIndustry,80000200,中银国际,4,481,增持,增持,全球车企电动化巡礼：群雄竞逐鹿&sbquo;巨头领风骚,汽车行业,-0.26
文化传媒 -0.01     维持,2017/9/15 13:49:13,APPHkabK4KxlIndustry,80000028,国联证券,4,486,中性,中性,传媒行业研究简报：收入利润增速回落&sbquo;经营性现金流改善,文化传媒,-0.01
纺织服装 -0.09     维持,2017/9/15 13:55:12,APPHkabK4KxiIndustry,80066522,中投证券,4,436,中性,中性,纺织服装行业月报：行业是否触底反弹,纺织服装,-0.09
环保工程 -0.04     无,2017/9/15 13:58:19,APPHkabK4UHTIndustry,80000180,渤海证券,2,728,持有,看好,节能环保行业周报：雄安新区水环境整治方案出台&sbquo;治理需求有望加速释放,环保工程,-0.04
电子元件 -0.15     维持,2017/9/15 14:22:05,APPHkabK4iAVIndustry,80054862,招商证券(香港),1,459,买入,推荐,中国硬件科技：消费和科技企业日会议纪要,电子元件,-0.15
旅游酒店 -0.98     无,2017/9/15 14:31:04,APPHkabK4rVqIndustry,80000180,渤海证券,2,485,,,餐饮旅游行业周报：双节将近带动行业热度 汇率催化出境旅游预期,旅游酒店,-0.98
航天航空 1.98     无,2017/9/15 14:59:06,APPHkabK5E2gIndustry,80000121,国泰君安(香港),,480,,,航运行业,航天航空,1.98
房地产 1.26     无,2017/9/15 15:00:53,APPHkabK5E2fIndustry,80202905,申万宏源研究(香港),,451,,,房地产行业：统计局数据点评：八月行业数据平稳 关注销售旺季动能变化,房地产,1.26
医药制造 -0.47     首次,2017/9/15 15:03:58,APPHkabK5G6SIndustry,80114781,东兴证券,1,465,持有,看好,疫苗行业深度报告之一：产业基础篇：创新大品种风起云涌&sbquo;疫苗进入到&quot;产品为王&quot;驱动黄金大时代,医药制造,-0.47
电子信息 -0.64     维持,2017/9/15 15:08:49,APPHkabK5KzpIndustry,10001005,东北证券,3,447,持有,优于大势,计算机行业深度报告：A.I芯片——下一代计算革命基石,电子信息,-0.64
化工行业 -0.81     维持,2017/9/15 15:14:19,APPHkabK5NmqIndustry,10000296,西南证券,3,538,持有,强于大市,纯碱行业动态跟踪报告：供给缺乏弹性&sbquo;供需格局持续向好,化工行业,-0.81
工程建设 0.50     维持,2017/9/15 15:14:51,APPHkabK5NmtIndustry,80092743,华融证券,3,425,中性,中性,建材行业数据点评：需求下滑叠加环保约束&sbquo;水泥增速创年内新低,工程建设,0.50
钢铁行业 -3.86     无,2017/9/15 15:31:23,APPHkabK5a3pIndustry,80000075,申万宏源,4,479,持有,看好,2017年8月钢铁行业数据点评：产量再创新高&sbquo;补库存需求消退&sbquo;静待供需重归平衡,钢铁行业,-3.86
医药制造 -0.47     无,2017/9/15 15:45:27,APPHkabK5lfSIndustry,10000082,国金证券,5,465,,,医药行业政策周报（2017年第30期）：高值耗材国家谈判启动&sbquo;四类产品开始试点,医药制造,-0.47
机械行业 -0.20     无,2017/9/15 16:33:21,APPHkabK6HMWIndustry,80000204,川财证券,,545,,,他山之石•产业研究系列报告第19期：电机需求增长&sbquo;工艺升级成主流,机械行业,-0.20
文化传媒 -0.01     维持,2017/9/15 16:34:18,APPHkabK6HMXIndustry,80000126,东方财富证券,,486,增持,强于大势,文化传媒行业动态点评：&quot;影游共驱&quot;模式助力影视板块净利持续增长,文化传媒,-0.01
房地产 1.26     维持,2017/9/15 17:32:05,APPHkabK6pmdIndustry,80000200,中银国际,4,451,中性,中立,房地产8月报：单月企稳不改趋势&sbquo;信贷收紧效应持续,房地产,1.26
券商信托 0.47     维持,2017/9/15 17:38:34,XBPHkabK6zMCIndustry,80000113,国开证券,,473,中性,中性,证券Ⅱ行业月度报告：8月业绩保持稳定  大型券商强者恒强,券商信托,0.47
文化传媒 -0.01     维持,2017/9/15 18:54:43,APPHkabK7ZZXIndustry,10000082,国金证券,5,486,买入,买入,互联网娱乐行业2017年日常报告：什么是&quot;二次元&quot;&sbquo;什么不是&quot;二次元&quot;？,文化传媒,-0.01
有色金属 -2.37     无,2017/9/14 6:38:02,APPHka8L66JRIndustry,80000204,川财证券,,478,,,有色金属行业日报：湖南发现超大型萤石矿与锡矿矿床,有色金属,-2.37
医药制造 -0.47     无,2017/9/14 6:39:27,APPHka8L6HKYIndustry,80000204,川财证券,,465,,,医药生物行业日报：部分原料药企业面临被停产风险,医药制造,-0.47
交运物流 -0.14     无,2017/9/14 6:40:45,APPHka8L5eu9Industry,80000204,川财证券,,422,,,交通运输行业日报：8月快递业务量继续提升&sbquo;行业集中度升高,交运物流,-0.14
房地产 1.26     无,2017/9/14 6:41:53,APPHka8L5nDaIndustry,80000204,川财证券,,451,,,房地产行业日报：长沙推万套定向限价房,房地产,1.26
化工行业 -0.81     无,2017/9/14 6:43:21,APPHka8L5euBIndustry,80000204,川财证券,,538,,,石化行业日报：中俄原油二线将于国庆节前贯通,化工行业,-0.81
环保工程 -0.04     无,2017/9/14 6:44:30,APPHka8L5euAIndustry,80000204,川财证券,,728,,,环保行业日报：蒙特利尔议定书纪念大会在京举行,环保工程,-0.04
旅游酒店 -0.98     无,2017/9/14 7:04:49,APPHka8L5nDbIndustry,80000204,川财证券,,485,,,社会服务行业日报：联合国世界旅游组织全体大会在成都开幕,旅游酒店,-0.98
通讯行业 0.14     维持,2017/9/14 7:06:46,APPHka8L6HKaIndustry,80000073,华泰证券,5,448,增持,增持,通信：物联网公司估值新思路-聚焦物联网数据价值,通讯行业,0.14
电子元件 -0.15     维持,2017/9/14 8:25:07,APPHkaMKSdYqIndustry,80000073,华泰证券,5,459,增持,增持,笔记本电脑背光键盘行业报告：背光键盘方兴未艾&sbquo;渗透空间广阔,电子元件,-0.15
电子元件 -0.15     无,2017/9/14 8:55:55,APPHkaMKSufaIndustry,80000157,中泰证券,4,459,,,电子行业周报：从芯片看苹果&sbquo;我们应该关注什么？,电子元件,-0.15
钢铁行业 -3.86     维持,2017/9/14 8:55:59,APPHkaMKSufbIndustry,80000157,中泰证券,4,479,增持,增持,钢铁行业点评报告：环保限产方案加速推进,钢铁行业,-3.86
医药制造 -0.47     维持,2017/9/14 8:57:29,APPHkaMKSufgIndustry,10000082,国金证券,5,465,增持,增持,体外诊断行业中报分析：稳定中孕育深远变革,医药制造,-0.47
交运物流 -0.14     无,2017/9/14 9:11:29,APPHkaMKT5DwIndustry,80494392,兴业研究,,422,,,交运行业周报：交运信用利差整体上行&sbquo;15海南航空MTN001成交收益率大幅高于估值,交运物流,-0.14
通讯行业 0.14     无,2017/9/14 9:12:50,APPHkaMKT5DvIndustry,80000157,中泰证券,4,448,,,苹果发布会专题：iPhoneX如期而至&sbquo;最大亮点仍在AR及图像处理,通讯行业,0.14
煤炭采选 -4.06     无,2017/9/14 9:13:15,APPHkaMKT5DyIndustry,80494392,兴业研究,,437,,,煤炭行业报告：国务院支持山西转型发展意见点评,煤炭采选,-4.06
造纸印刷 -0.67     维持,2017/9/14 9:20:38,APPHkaMKTBwhIndustry,10001075,广发证券,4,470,买入,买入,轻工制造行业：包装纸价格跳涨&sbquo;持续看好包装纸龙头企业,造纸印刷,-0.67
农牧饲渔 -0.02     维持,2017/9/14 9:25:21,XBPHkaMKTHtyIndustry,10001055,国海证券,3,433,持有,推荐,农林牧渔行业事件点评报告：清洁能源大潮已至&sbquo;生物乙醇站上风口,农牧饲渔,-0.02
交运物流 -0.14     维持,2017/9/14 9:29:04,APPHkaMKTGjfIndustry,80084302,安信证券,4,422,增持,领先大市,快递月评：同城业务稳步提速&sbquo;二线快递加速转型,交运物流,-0.14
电子元件 -0.15     无,2017/9/14 9:36:06,APPHkaMKTM1qIndustry,10001075,广发证券,4,459,,,产业真声音专题研究（十）：后端检测设备市场：客户集中+在线配置&sbquo;后端大有可为,电子元件,-0.15
钢铁行业 -3.86     无,2017/9/14 9:38:25,APPHkaMKTNkqIndustry,80000204,川财证券,,479,,,钢铁行业日报：柳钢股份涨停&sbquo;钢铁板块大涨,钢铁行业,-3.86
有色金属 -2.37     维持,2017/9/14 9:38:26,APPHkaMKTM1rIndustry,10001075,广发证券,4,478,买入,买入,工业金属-基本金属观察（二十一）：铝库存现拐点&sbquo;铝价有望继续上行,有色金属,-2.37
交运物流 -0.14     调低,2017/9/14 9:47:24,APPHkaMKTStqIndustry,10001005,东北证券,3,422,中性,同步大势,交通运输行业周报：关注央企混改新动向&sbquo;长期战略推荐快递与跨境电商,交运物流,-0.14
钢铁行业 -3.86     无,2017/9/14 9:32:24,APPHkaMKTArTIndustry,80000157,中泰证券,4,479,,,中泰钢铁每日速递,钢铁行业,-3.86
医药制造 -0.47     无,2017/9/14 10:03:01,APPHkaMKTbEBIndustry,80174696,莫尼塔投资,1,465,,,医药健康：抗血小板药物市场竞争趋于激烈&sbquo;乐普医疗成氯吡格雷市场新贵,医药制造,-0.47
电子元件 -0.15     无,2017/9/14 10:34:49,APPHkaMKTvVVIndustry,80084302,安信证券,4,459,,,电子：持续推荐&quot;马云精联&quot;及合力泰（模组）：过去和近期若干新品发布&sbquo;预计佐证全面屏+OLED产业大趋,电子元件,-0.15
电子元件 -0.15     无,2017/9/14 10:36:49,APPHkaMKTuK5Industry,80000075,申万宏源,4,459,持有,看好,电子行业点评：iPhone 8/iPhone 8 Plus/iPhone X发布点评-iPhone X创新符合预期&sbquo;全面屏点燃产业链旺季,电子元件,-0.15

====================行业资金流入排行==========================
1,BK0477,酿酒行业,2.81,103490,2.43,155185,3.65,-51700,-1.22,-89810,-2.11,-13679,-0.32,五粮液,0008582
1,BK0451,房地产,2.32,86560,0.69,197960,1.57,-111400,-0.89,-136440,-1.08,49880,0.40,万科A,0000022
1,BK0726,园林工程,1.68,8304,0.58,7404,0.52,900,0.06,-40899,-2.85,32595,2.27,东珠景观,6033591
1,BK0427,公用事业,0.47,-2061,-0.13,17968,1.09,-20029,-1.22,-25392,-1.54,27452,1.67,首创股份,6000081
1,BK0440,工艺商品,-1.67,-5745,-6.38,-1228,-1.36,-4518,-5.02,1635,1.81,4111,4.56,瑞贝卡,6004391
1,BK0421,高速公路,0.04,-9408,-1.51,-8651,-1.39,-757,-0.12,-1403,-0.23,10811,1.74,海南高速,0008862
1,BK0734,珠宝首饰,-0.10,-13136,-3.65,-3430,-0.95,-9706,-2.70,854,0.24,12282,3.42,明牌珠宝,0025742
1,BK0740,文教休闲,2.67,-16271,-1.41,13558,1.17,-29829,-2.58,-16323,-1.41,32593,2.82,美盛文化,0026992
1,BK0429,交运设备,3.37,-16429,-1.37,11202,0.93,-27631,-2.30,-8884,-0.74,25314,2.11,神州高铁,0000082
1,BK0471,化纤行业,0.19,-18991,-1.96,-11191,-1.16,-7801,-0.81,-6671,-0.69,25663,2.65,哈工智能,0005842
1,BK0729,船舶制造,-0.14,-20133,-3.84,-3493,-0.67,-16640,-3.17,-1536,-0.29,21670,4.13,中国重工,6019891
1,BK0546,玻璃陶瓷,0.76,-20907,-1.39,9509,0.63,-30415,-2.02,-15226,-1.01,36132,2.41,中国巨石,6001761
1,BK0738,多元金融,1.62,-31717,-2.95,-7904,-0.74,-23813,-2.22,3387,0.32,28330,2.64,锦龙股份,0007122
1,BK0733,包装材料,-0.04,-33253,-3.67,-13024,-1.44,-20228,-2.23,-2028,-0.22,35280,3.89,劲嘉股份,0021912
1,BK0539,综合行业,0.44,-33940,-4.15,-11214,-1.37,-22727,-2.78,6947,0.85,26993,3.30,申华控股,6006531
1,BK0731,化肥行业,2.44,-34529,-1.81,-8454,-0.44,-26073,-1.36,2186,0.11,32342,1.69,芭田股份,0021702
1,BK0458,仪器仪表,-0.18,-34857,-1.66,-1081,-0.05,-33776,-1.61,-28396,-1.35,63253,3.01,聚光科技,3002032
1,BK0480,航天航空,3.08,-38374,-1.99,-1324,-0.07,-37050,-1.92,2902,0.15,35473,1.84,爱乐达,3006962
1,BK0433,农牧饲渔,1.47,-38760,-0.84,8008,0.17,-46770,-1.01,-73330,-1.58,112090,2.41,华英农业,0023212
1,BK0464,石油行业,0.31,-42368,-1.95,-38828,-1.78,-3540,-0.16,1846,0.08,40521,1.86,美都能源,6001751
1,BK0725,装修装饰,0.39,-43144,-3.80,-11415,-1.01,-31728,-2.80,-6095,-0.54,49239,4.34,金螳螂,0020812
1,BK0470,造纸印刷,1.66,-46480,-1.62,-14935,-0.52,-31536,-1.10,-14597,-0.51,61072,2.13,晨鸣纸业,0004882
1,BK0730,农药兽药,-0.46,-49666,-5.73,-17688,-2.04,-31979,-3.69,5103,0.59,44563,5.14,华邦健康,0020042
1,BK0476,木业家具,-0.67,-50534,-3.69,-20933,-1.53,-29601,-2.16,-5839,-0.43,56372,4.12,美克家居,6003371
1,BK0485,旅游酒店,1.79,-54149,-3.42,-6502,-0.41,-47648,-3.01,-7771,-0.49,61921,3.92,海航创新,6005551
1,BK0438,食品饮料,2.40,-56550,-1.39,9870,0.24,-66416,-1.63,-11890,-0.29,68440,1.68,盐津铺子,0028472
1,BK0484,国际贸易,0.92,-60281,-3.06,-16096,-0.82,-44185,-2.24,17733,0.90,42549,2.16,跨境通,0026402
1,BK0456,家电行业,1.02,-65280,-1.71,15479,0.40,-80758,-2.11,-31530,-0.82,96810,2.53,华帝股份,0020352
1,BK0482,商业百货,-0.08,-74162,-2.78,-26990,-1.01,-47171,-1.77,1158,0.04,73004,2.73,永辉超市,6019331
1,BK0420,民航机场,-2.11,-78140,-6.88,-67339,-5.93,-10801,-0.95,37586,3.31,40553,3.57,吉祥航空,6038851
1,BK0422,交运物流,1.05,-80737,-2.89,-12053,-0.43,-68683,-2.46,80,0.00,80661,2.88,欧浦智网,0027112
1,BK0436,纺织服装,1.08,-80750,-2.16,565,0.02,-81317,-2.17,-18220,-0.49,98980,2.65,金鹰股份,6002321
1,BK0454,塑胶制品,1.49,-88004,-3.14,-37743,-1.35,-50261,-1.79,-3260,-0.12,91264,3.25,银禧科技,3002212
1,BK0910,专用设备,-0.32,-90023,-3.26,-6098,-0.22,-83924,-3.04,-21010,-0.76,111027,4.03,东方精工,0026112
1,BK0727,医疗行业,0.86,-90903,-4.83,-32578,-1.73,-58325,-3.10,-6678,-0.35,97581,5.19,昭衍新药,6031271
1,BK0728,环保工程,1.21,-90970,-2.71,-17013,-0.51,-73952,-2.20,-4070,-0.12,95037,2.83,清新环境,0025732
1,BK0739,金属制品,0.52,-106236,-3.53,-23338,-0.77,-82897,-2.75,-3720,-0.12,109962,3.65,奥瑞金,0027012
1,BK0736,电信运营,-1.35,-114930,-6.83,-101155,-6.01,-13775,-0.82,39608,2.35,75323,4.47,鹏博士,6008041
1,BK0457,输配电气,2.46,-125350,-1.63,24677,0.32,-150030,-1.95,-51080,-0.66,176430,2.29,金风科技,0022022
1,BK0425,工程建设,2.33,-139420,-1.85,-1425,-0.02,-137990,-1.83,-12020,-0.16,151430,2.01,葛洲坝,6000681
1,BK0450,港口水运,-0.84,-143222,-5.68,-76565,-3.03,-66657,-2.64,31165,1.24,112057,4.44,海峡股份,0023202
1,BK0428,电力行业,-0.22,-162964,-6.17,-75465,-2.86,-87499,-3.31,47416,1.80,115548,4.38,桂冠电力,6002361
1,BK0735,安防设备,0.04,-179196,-7.77,-85948,-3.73,-93248,-4.04,19224,0.83,159972,6.93,高德红外,0024142
1,BK0732,贵金属,-3.83,-182332,-11.44,-123734,-7.76,-58597,-3.68,61744,3.87,120588,7.57,刚泰控股,6006871
1,BK0448,通讯行业,0.61,-183630,-2.84,-45597,-0.71,-138030,-2.14,-20790,-0.32,204420,3.16,亨通光电,6004871
1,BK0486,文化传媒,-0.14,-184590,-4.41,-55727,-1.33,-128865,-3.08,10330,0.25,174250,4.16,光线传媒,3002512
1,BK0474,保险,-1.75,-191570,-5.09,-199158,-5.29,7590,0.20,74044,1.97,117526,3.12,西水股份,6002911
1,BK0481,汽车行业,2.07,-192040,-1.89,29741,0.29,-221770,-2.18,-88360,-0.87,280390,2.75,安凯客车,0008682
1,BK0424,水泥建材,0.83,-308600,-3.95,-73191,-0.94,-235410,-3.01,18340,0.23,290270,3.71,海螺水泥,6005851
1,BK0475,银行,-1.19,-321060,-6.37,-265760,-5.28,-55300,-1.10,146320,2.90,174740,3.47,民生银行,6000161
1,BK0545,机械行业,1.69,-323850,-2.16,-32860,-0.22,-291000,-1.94,-61380,-0.41,385230,2.57,隆鑫通用,6037661
1,BK0465,医药制造,0.47,-360170,-3.46,-114472,-1.10,-245710,-2.36,16830,0.16,343350,3.30,昆药集团,6004221
1,BK0473,券商信托,0.49,-382770,-4.24,-181270,-2.01,-201490,-2.23,113080,1.25,269680,2.98,长江证券,0007832
1,BK0437,煤炭采选,-3.43,-475050,-6.31,-292675,-3.89,-182380,-2.42,135100,1.79,339950,4.51,云煤能源,6007921
1,BK0447,电子信息,-0.90,-481960,-4.44,-181000,-1.67,-300970,-2.77,36350,0.33,445620,4.11,浪潮信息,0009772
1,BK0479,钢铁行业,-3.35,-600060,-7.45,-395240,-4.91,-204820,-2.54,195150,2.42,404910,5.03,三钢闽光,0021102
1,BK0537,材料行业,1.59,-635670,-4.33,-289080,-1.97,-346600,-2.36,97740,0.67,537940,3.67,隆基股份,6010121
1,BK0538,化工行业,0.46,-762790,-4.01,-300200,-1.58,-462590,-2.43,110840,0.58,651950,3.43,西陇科学,0025842
1,BK0737,软件服务,-2.04,-878900,-6.36,-403600,-2.92,-475290,-3.44,154070,1.12,724840,5.25,宝通科技,3000312
1,BK0459,电子元件,0.77,-967970,-4.52,-371920,-1.74,-596060,-2.78,159990,0.75,807980,3.77,北方华创,0023712
1,BK0478,有色金属,1.31,-1285500,-4.82,-696450,-2.61,-589100,-2.21,355500,1.33,930040,3.48,西藏矿业,0007622

====================概念涨幅排行==========================
1,BK0503,S股,2.50,6050.69,12.75,7983.25,16.82,-1932.56,-4.07,-4067.58,-8.57,-1983.11,-4.18,S佳通,6001821
1,BK0635,中超概念,0.91,62712.88,7.11,70759.40,8.02,-8046.52,-0.91,-31828.85,-3.61,-30884.03,-3.50,中信国安,0008392
1,BK0625,通用航空,0.88,17508.64,3.63,18492.06,3.83,-983.42,-0.20,-12806.99,-2.65,-4701.65,-0.97,荣盛发展,0021462
1,BK0811,超级品牌,0.86,100147.96,8.71,109656.39,9.53,-9508.43,-0.83,-58068.91,-5.05,-42079.05,-3.66,格力电器,0006512
1,BK0632,土地流转,0.78,6186.02,1.39,5758.03,1.30,427.99,0.10,-4695.72,-1.06,-1490.30,-0.34,北大荒,6005981
1,BK0703,超级电容,0.68,-37409.61,-5.41,-29026.60,-4.20,-8383.01,-1.21,10052.56,1.45,27357.05,3.96,铜峰电子,6002371
1,BK0629,北斗导航,0.59,-35451.71,-5.42,-35324.40,-5.40,-127.31,-0.02,7036.42,1.08,28415.29,4.34,路畅科技,0028132
1,BK0711,券商概念,0.44,2749.52,0.13,17175.12,0.83,-14425.60,-0.70,-17897.01,-0.87,15147.49,0.73,中国银河,6018811
1,BK0814,大飞机,0.44,-7878.28,-1.64,-1130.53,-0.24,-6747.76,-1.40,-2189.98,-0.46,10068.26,2.10,中直股份,6000381
1,BK0822,租售同权,0.43,4271.97,2.52,4849.80,2.86,-577.83,-0.34,-4718.38,-2.78,446.41,0.26,世联行,0022852
1,BK0930,深港通,0.42,35430.30,2.06,41177.93,2.39,-5747.64,-0.33,-40091.70,-2.33,4661.41,0.27,万科A,0000022
1,BK0715,航母概念,0.41,-26007.73,-3.54,-30949.21,-4.22,4941.48,0.67,7770.71,1.06,18237.02,2.48,航发动力,6008931
1,BK0808,军民融合,0.34,-12125.59,-1.74,-1077.62,-0.15,-11047.97,-1.59,-2153.26,-0.31,14278.85,2.05,中航黑豹,6007601
1,BK0960,无线充电,0.26,-15449.49,-2.67,-2667.74,-0.46,-12781.75,-2.21,-356.34,-0.06,15805.83,2.73,青岛海尔,6006901
1,BK0597,水利建设,0.24,25499.31,5.64,32549.72,7.20,-7050.41,-1.56,-15813.67,-3.50,-9685.64,-2.14,葛洲坝,6000681
1,BK0589,皖江区域,0.24,-46243.72,-3.60,-28660.26,-2.23,-17583.46,-1.37,8591.63,0.67,37652.08,2.93,安凯客车,0008682
1,BK0802,无人驾驶,0.21,-79772.95,-7.25,-62992.16,-5.72,-16780.80,-1.52,23025.27,2.09,56747.68,5.16,云意电气,3003042
1,BK0717,北京冬奥,0.20,-11623.20,-2.50,-4794.35,-1.03,-6828.85,-1.47,-716.16,-0.15,12339.36,2.66,华帝股份,0020352
1,BK0684,京津冀,0.14,-10178.29,-1.28,9025.68,1.14,-19203.97,-2.42,363.80,0.05,9814.49,1.24,荣盛发展,0021462
1,BK0721,PPP模式,0.12,-990.35,-0.04,30901.98,1.27,-31892.33,-1.31,-20562.20,-0.84,21552.56,0.89,葛洲坝,6000681
1,BK0490,军工,0.10,-69274.12,-3.54,-39744.67,-2.03,-29529.45,-1.51,2904.91,0.15,66369.23,3.39,航发动力,6008931
1,BK0724,海绵城市,0.10,12071.65,1.33,21001.73,2.32,-8930.09,-0.99,-12927.56,-1.43,855.91,0.09,葛洲坝,6000681
1,BK0601,海工装备,0.09,-5193.50,-2.74,-1864.58,-0.98,-3328.93,-1.75,1119.06,0.59,4074.44,2.15,中集集团,0000392
1,BK0803,股权转让,0.09,23303.44,1.89,26052.02,2.11,-2748.58,-0.22,-24645.90,-2.00,1342.46,0.11,万科A,0000022
1,BK0566,滨海新区,0.05,-5117.14,-2.79,-1765.28,-0.96,-3351.86,-1.83,-159.46,-0.09,5276.60,2.87,广宇发展,0005372
1,BK0653,养老概念,0.03,-56456.86,-5.52,-86337.01,-8.45,29880.15,2.92,22475.68,2.20,33981.17,3.32,世联行,0022852
1,BK0642,手游概念,0.01,-27166.04,-3.17,11105.04,1.29,-38271.08,-4.46,-1129.21,-0.13,28295.25,3.30,金科文化,3004592
1,BK0680,智能家居,0.01,27076.50,2.16,46482.91,3.71,-19406.41,-1.55,-24530.04,-1.96,-2546.46,-0.20,格力电器,0006512
1,BK0689,阿里概念,-0.01,-53073.05,-4.68,-40693.72,-3.59,-12379.33,-1.09,13458.95,1.19,39614.10,3.49,拓邦股份,0021392
1,BK0514,参股券商,-0.02,-20106.50,-1.09,23064.83,1.25,-43171.33,-2.34,-556.06,-0.03,20662.55,1.12,葛洲坝,6000681
1,BK0626,美丽中国,-0.03,-62404.83,-3.13,-36913.04,-1.85,-25491.79,-1.28,3225.78,0.16,59179.06,2.97,蒙草生态,3003552
1,BK0980,债转股,-0.03,-19318.07,-3.76,-10541.92,-2.05,-8776.15,-1.71,3097.88,0.60,16220.20,3.15,世联行,0022852
1,BK0611,上证50_,-0.04,-115377.00,-2.68,-111046.27,-2.58,-4330.73,-0.10,35893.81,0.83,79483.21,1.84,中国建筑,6016681
1,BK0610,央视50_,-0.05,-74700.16,-2.28,-83541.17,-2.54,8841.01,0.27,4902.68,0.15,69797.48,2.13,万科A,0000022
1,BK0664,二胎概念,-0.06,-9995.94,-4.13,-1026.98,-0.42,-8968.96,-3.71,-2206.51,-0.91,12202.45,5.05,骅威文化,0025022
1,BK0870,单抗概念,-0.06,-10899.06,-2.49,3651.78,0.83,-14550.84,-3.32,3147.66,0.72,7751.40,1.77,复星医药,6001961
1,BK0708,体育产业,-0.07,44988.40,5.34,54973.46,6.53,-9985.06,-1.19,-29357.00,-3.49,-15631.40,-1.86,中信国安,0008392
1,BK0491,高校,-0.08,-17881.99,-3.26,-10197.57,-1.86,-7684.41,-1.40,1546.09,0.28,16335.90,2.97,同济科技,6008461
1,BK0644,特斯拉,-0.11,-113127.27,-4.43,-56980.81,-2.23,-56146.46,-2.20,43165.93,1.69,69961.34,2.74,中信国安,0008392
1,BK0816,昨日连板,-0.12,-26817.00,-12.13,-9285.19,-4.20,-17531.81,-7.93,9291.50,4.20,17525.50,7.92,兴化股份,0021092
1,BK0743,深证100R,-0.12,-216556.98,-3.23,-49443.20,-0.74,-167113.78,-2.49,-2395.42,-0.04,218952.40,3.26,中信国安,0008392
1,BK0500,HS300_,-0.12,-374617.63,-2.46,-167918.62,-1.10,-206699.01,-1.36,26650.19,0.18,347967.41,2.29,中信国安,0008392
1,BK0697,IPO受益,-0.12,-18130.52,-1.12,-35521.24,-2.19,17390.72,1.07,7498.98,0.46,10631.55,0.66,中信国安,0008392
1,BK0710,量子通信,-0.12,35396.09,3.26,36963.40,3.40,-1567.31,-0.14,-28622.18,-2.63,-6773.90,-0.62,中信国安,0008392
1,BK0702,沪港通,-0.13,-82310.35,-2.01,-84660.12,-2.06,2349.77,0.06,19861.94,0.48,62448.38,1.52,中国建筑,6016681
1,BK0672,沪企改革,-0.15,-11902.62,-2.98,-3730.36,-0.94,-8172.26,-2.05,5117.21,1.28,6785.40,1.70,城投控股,6006491
1,BK0665,电商概念,-0.15,-57946.54,-3.33,-25931.05,-1.49,-32015.49,-1.84,15135.28,0.87,42811.24,2.46,永辉超市,6019331
1,BK0704,无人机,-0.15,-15041.92,-2.40,72.85,0.01,-15114.77,-2.41,-1832.84,-0.29,16874.76,2.69,同济科技,6008461
1,BK0807,共享经济,-0.16,-21230.00,-4.72,-12581.19,-2.80,-8648.81,-1.92,6195.58,1.38,15034.42,3.34,世联行,0022852
1,BK0818,可燃冰,-0.16,-16088.08,-6.31,-4440.48,-1.74,-11647.60,-4.57,3929.78,1.54,12158.30,4.77,吉艾科技,3003092
1,BK0636,B股,-0.16,-1551.45,-5.34,-412.51,-1.42,-1138.94,-3.92,-40.60,-0.14,1592.05,5.48,深物业B,2000112
1,BK0606,油气设服,-0.16,-15233.36,-5.41,-5876.31,-2.09,-9357.05,-3.32,-91.15,-0.03,15324.51,5.44,吉艾科技,3003092
1,BK0677,粤港自贸,-0.17,26260.02,3.07,36934.34,4.31,-10674.32,-1.25,-20197.50,-2.36,-6062.52,-0.71,格力电器,0006512
1,BK0674,蓝宝石,-0.19,-46194.41,-8.80,-33328.17,-6.35,-12866.23,-2.45,14791.09,2.82,31403.32,5.99,铜峰电子,6002371
1,BK0594,长江三角,-0.19,-183058.97,-3.13,-95860.30,-1.64,-87198.67,-1.49,23748.76,0.41,159310.16,2.73,亨通光电,6004871
1,BK0722,虚拟现实,-0.20,-7093.37,-0.51,25672.81,1.84,-32766.18,-2.35,-24434.10,-1.75,31527.45,2.26,中信国安,0008392
1,BK0505,中字头,-0.20,-87467.65,-3.30,-70032.97,-2.64,-17434.68,-0.66,25817.04,0.97,61650.59,2.32,中国建筑,6016681
1,BK0821,MSCI中国,-0.20,-403921.36,-3.41,-187951.59,-1.58,-215969.77,-1.82,76226.92,0.64,327694.44,2.76,中信国安,0008392
1,BK0882,猪肉概念,-0.20,-5821.01,-3.04,-2615.38,-1.37,-3205.63,-1.67,1514.45,0.79,4306.56,2.25,双汇发展,0008952
1,BK0592,铁路基建,-0.21,-57211.32,-6.73,-32995.12,-3.88,-24216.20,-2.85,19334.86,2.27,37876.46,4.46,神州高铁,0000082
1,BK0920,车联网,-0.21,-92956.90,-8.50,-63578.13,-5.82,-29378.76,-2.69,18095.90,1.66,74861.00,6.85,兴民智通,0023552
1,BK0813,雄安新区,-0.22,-97726.42,-4.17,-38310.92,-1.64,-59415.50,-2.54,-2097.56,-0.09,99824.00,4.26,南国置业,0023052
1,BK0881,3D玻璃,-0.22,-39469.09,-9.96,-31960.41,-8.07,-7508.68,-1.90,10142.81,2.56,29326.27,7.40,合力泰,0022172
1,BK0669,生态农业,-0.22,-53696.63,-12.57,-24488.46,-5.73,-29208.17,-6.84,16169.13,3.79,37527.49,8.79,东凌国际,0008932
1,BK0501,次新股,-0.23,-184960.36,-3.63,-12682.11,-0.25,-172278.25,-3.38,-61167.26,-1.20,246127.62,4.83,兆丰股份,3006952
1,BK0615,中药,-0.23,-2759.96,-0.41,7850.52,1.17,-10610.49,-1.58,-4026.80,-0.60,6786.76,1.01,复星医药,6001961
1,BK0638,创业成份,-0.23,-104827.36,-4.10,-19289.90,-0.75,-85537.46,-3.35,-1128.78,-0.04,105956.15,4.14,金科文化,3004592
1,BK0685,举牌概念,-0.24,-2413.36,-0.08,69137.23,2.37,-71550.59,-2.45,-38595.25,-1.32,41008.61,1.40,万科A,0000022
1,BK0567,股权激励,-0.25,-217830.66,-2.50,-98068.45,-1.13,-119762.20,-1.37,5623.50,0.06,212207.18,2.44,万科A,0000022
1,BK0612,上证180_,-0.25,-365362.61,-3.78,-282708.84,-2.93,-82653.77,-0.86,117514.44,1.22,247848.19,2.57,中国建筑,6016681
1,BK0528,转债标的,-0.26,-15736.24,-4.48,-13754.48,-3.91,-1981.76,-0.56,4169.90,1.19,11566.33,3.29,格力地产,6001851
1,BK0637,互联金融,-0.26,-50298.36,-3.68,-17809.93,-1.30,-32488.44,-2.37,-5664.00,-0.41,55962.37,4.09,绿地控股,6006061
1,BK0494,节能环保,-0.26,-131114.93,-5.05,-69961.29,-2.70,-61153.64,-2.36,26421.89,1.02,104693.02,4.04,同济科技,6008461
1,BK0643,上海自贸,-0.26,-7907.95,-3.11,-5453.04,-2.15,-2454.91,-0.97,1765.58,0.70,6142.37,2.42,光明地产,6007081
1,BK0662,在线教育,-0.26,-57828.10,-7.29,-38136.05,-4.81,-19692.05,-2.48,14768.69,1.86,43059.41,5.43,杰赛科技,0025442
1,BK0493,新能源,-0.27,-93156.44,-2.62,-29937.26,-0.84,-63219.17,-1.78,9090.48,0.26,84065.97,2.37,中信国安,0008392
1,BK0511,ST概念,-0.27,-16377.14,-6.38,-12208.07,-4.76,-4169.08,-1.62,5536.19,2.16,10840.96,4.22,*ST紫学,0005262
1,BK0683,国企改革,-0.27,-123754.88,-2.47,-16361.45,-0.33,-107393.43,-2.14,5548.16,0.11,118206.72,2.36,格力电器,0006512
1,BK0603,页岩气,-0.28,-38859.05,-9.68,-21368.47,-5.32,-17490.59,-4.36,7181.68,1.79,31677.38,7.89,吉艾科技,3003092
1,BK0540,迪士尼,-0.29,-36378.33,-9.52,-24036.72,-6.29,-12341.61,-3.23,5496.58,1.44,30881.75,8.08,浦东金桥,6006391
1,BK0568,深成500,-0.30,-867812.84,-5.32,-414910.52,-2.54,-452902.32,-2.78,144302.75,0.88,723510.09,4.44,中信国安,0008392
1,BK0525,参股银行,-0.31,-79189.59,-2.34,-13684.49,-0.40,-65505.10,-1.93,8918.63,0.26,70270.98,2.07,美的集团,0003332
1,BK0676,独家药品,-0.31,-18535.07,-8.30,-10470.16,-4.69,-8064.91,-3.61,7696.34,3.45,10838.73,4.85,东诚药业,0026752
1,BK0675,病毒防治,-0.32,-12760.65,-2.72,-1989.45,-0.42,-10771.20,-2.30,271.52,0.06,12489.12,2.67,复星医药,6001961
1,BK0990,快递概念,-0.32,-24151.90,-7.87,-13157.33,-4.29,-10994.57,-3.58,7797.96,2.54,16353.94,5.33,华鹏飞,3003502
1,BK0581,智能电网,-0.32,-36056.33,-3.14,-20524.76,-1.79,-15531.57,-1.35,816.58,0.07,35239.75,3.07,亨通光电,6004871
1,BK0536,基金重仓,-0.33,-422415.05,-3.53,-163716.20,-1.37,-258698.85,-2.16,62365.57,0.52,360049.48,3.01,格力电器,0006512
1,BK0600,新三板,-0.33,-74365.96,-6.41,-50011.11,-4.31,-24354.85,-2.10,26341.42,2.27,48024.54,4.14,拓邦股份,0021392
1,BK0520,社保重仓,-0.33,-10740.19,-5.26,-4538.27,-2.22,-6201.92,-3.04,4922.79,2.41,5817.40,2.85,华斯股份,0024942
1,BK0509,网络游戏,-0.33,-42639.28,-5.08,-26409.07,-3.15,-16230.21,-1.93,4162.30,0.50,38476.97,4.59,三七互娱,0025552
1,BK0583,触摸屏,-0.34,-31966.64,-5.27,-21241.14,-3.50,-10725.50,-1.77,7594.96,1.25,24371.68,4.02,得润电子,0020552
1,BK0549,深圳特区,-0.34,-115391.69,-2.91,-61980.62,-1.56,-53411.07,-1.35,-20201.42,-0.51,135593.11,3.42,万科A,0000022
1,BK0535,QFII重仓,-0.34,-63424.94,-2.03,-165.09,-0.01,-63259.85,-2.03,-20870.84,-0.67,84295.81,2.70,格力电器,0006512
1,BK0699,全息技术,-0.35,-11477.42,-7.46,-10288.20,-6.69,-1189.22,-0.77,3557.23,2.31,7920.20,5.15,迪威视讯,3001672
1,BK0499,AH股,-0.35,-170314.62,-3.75,-164001.97,-3.61,-6312.65,-0.14,52648.60,1.16,117666.02,2.59,万科A,0000022
1,BK0804,深股通,-0.35,-1172111.26,-5.40,-555109.32,-2.56,-617001.93,-2.84,152309.76,0.70,1019801.42,4.70,中信国安,0008392
1,BK0940,网红直播,-0.35,-35170.92,-6.78,-22812.63,-4.40,-12358.29,-2.38,10041.51,1.94,25129.40,4.85,三七互娱,0025552
1,BK0534,成渝特区,-0.36,-52199.17,-3.46,-29998.44,-1.99,-22200.73,-1.47,4746.83,0.31,47452.33,3.14,五粮液,0008582
1,BK0524,参股期货,-0.37,-79685.04,-6.11,-53770.39,-4.12,-25914.66,-1.99,28652.91,2.20,51032.15,3.91,中信证券,6000301
1,BK0707,沪股通,-0.38,-654866.69,-4.01,-460902.12,-2.82,-193964.57,-1.19,227573.30,1.39,427293.44,2.62,中国建筑,6016681
